D:\osg\learn\osg_applets\Debug\Helloworld.pdb
D:\osg\learn\osg_applets\Helloworld\Debug\cl.command.1.tlog
D:\osg\learn\osg_applets\Helloworld\Debug\CL.read.1.tlog
D:\osg\learn\osg_applets\Helloworld\Debug\CL.write.1.tlog
D:\OSG\LEARN\OSG_APPLETS\HELLOWORLD\DEBUG\HELLOWORLD.EXE.EMBED.MANIFEST
D:\OSG\LEARN\OSG_APPLETS\HELLOWORLD\DEBUG\HELLOWORLD.EXE.EMBED.MANIFEST.RES
D:\osg\learn\osg_applets\Helloworld\Debug\Helloworld.exe.intermediate.manifest
D:\OSG\LEARN\OSG_APPLETS\HELLOWORLD\DEBUG\HELLOWORLD.OBJ
D:\osg\learn\osg_applets\Helloworld\Debug\Helloworld_manifest.rc
D:\osg\learn\osg_applets\Helloworld\Debug\link.1472.read.1.tlog
D:\osg\learn\osg_applets\Helloworld\Debug\link.1472.write.1.tlog
D:\osg\learn\osg_applets\Helloworld\Debug\link.1472-cvtres.read.1.tlog
D:\osg\learn\osg_applets\Helloworld\Debug\link.1472-cvtres.write.1.tlog
D:\osg\learn\osg_applets\Helloworld\Debug\link.4180.read.1.tlog
D:\osg\learn\osg_applets\Helloworld\Debug\link.4180.write.1.tlog
D:\osg\learn\osg_applets\Helloworld\Debug\link.4180-cvtres.read.1.tlog
D:\osg\learn\osg_applets\Helloworld\Debug\link.4180-cvtres.write.1.tlog
D:\osg\learn\osg_applets\Helloworld\Debug\link.4892.read.1.tlog
D:\osg\learn\osg_applets\Helloworld\Debug\link.4892.write.1.tlog
D:\osg\learn\osg_applets\Helloworld\Debug\link.4892-cvtres.read.1.tlog
D:\osg\learn\osg_applets\Helloworld\Debug\link.4892-cvtres.write.1.tlog
D:\osg\learn\osg_applets\Helloworld\Debug\link.5656.read.1.tlog
D:\osg\learn\osg_applets\Helloworld\Debug\link.5656.write.1.tlog
D:\osg\learn\osg_applets\Helloworld\Debug\link.5656-cvtres.read.1.tlog
D:\osg\learn\osg_applets\Helloworld\Debug\link.5656-cvtres.write.1.tlog
D:\osg\learn\osg_applets\Helloworld\Debug\link.5864.read.1.tlog
D:\osg\learn\osg_applets\Helloworld\Debug\link.5864.write.1.tlog
D:\osg\learn\osg_applets\Helloworld\Debug\link.5864-cvtres.read.1.tlog
D:\osg\learn\osg_applets\Helloworld\Debug\link.5864-cvtres.write.1.tlog
D:\osg\learn\osg_applets\Helloworld\Debug\link.5892.read.1.tlog
D:\osg\learn\osg_applets\Helloworld\Debug\link.5892.write.1.tlog
D:\osg\learn\osg_applets\Helloworld\Debug\link.5892-cvtres.read.1.tlog
D:\osg\learn\osg_applets\Helloworld\Debug\link.5892-cvtres.write.1.tlog
D:\osg\learn\osg_applets\Helloworld\Debug\link.command.1.tlog
D:\osg\learn\osg_applets\Helloworld\Debug\link.read.1.tlog
D:\osg\learn\osg_applets\Helloworld\Debug\link.write.1.tlog
D:\osg\learn\osg_applets\Helloworld\Debug\link-cvtres.read.1.tlog
D:\osg\learn\osg_applets\Helloworld\Debug\link-cvtres.write.1.tlog
D:\osg\learn\osg_applets\Helloworld\Debug\mt.command.1.tlog
D:\osg\learn\osg_applets\Helloworld\Debug\mt.read.1.tlog
D:\osg\learn\osg_applets\Helloworld\Debug\mt.write.1.tlog
D:\osg\learn\osg_applets\Helloworld\Debug\rc.command.1.tlog
D:\osg\learn\osg_applets\Helloworld\Debug\rc.read.1.tlog
D:\osg\learn\osg_applets\Helloworld\Debug\rc.write.1.tlog
D:\osg\learn\osg_applets\Helloworld\Debug\vc100.idb
D:\OSG\LEARN\OSG_APPLETS\HELLOWORLD\DEBUG\VC100.PDB
