D:\osg\learn\osg_applets\cone\Debug\cl.command.1.tlog
D:\osg\learn\osg_applets\cone\Debug\CL.read.1.tlog
D:\osg\learn\osg_applets\cone\Debug\CL.write.1.tlog
D:\OSG\LEARN\OSG_APPLETS\CONE\DEBUG\GEOMETRY.EXE.EMBED.MANIFEST
D:\OSG\LEARN\OSG_APPLETS\CONE\DEBUG\GEOMETRY.EXE.EMBED.MANIFEST.RES
D:\OSG\LEARN\OSG_APPLETS\CONE\DEBUG\GEOMETRY.EXE.INTERMEDIATE.MANIFEST
D:\osg\learn\osg_applets\cone\Debug\Geometry_manifest.rc
D:\OSG\LEARN\OSG_APPLETS\CONE\DEBUG\GEOMETRYMAIN.OBJ
D:\OSG\LEARN\OSG_APPLETS\CONE\DEBUG\GEOMETRYSG.OBJ
D:\osg\learn\osg_applets\cone\Debug\link.240.read.1.tlog
D:\osg\learn\osg_applets\cone\Debug\link.240.write.1.tlog
D:\osg\learn\osg_applets\cone\Debug\link.240-cvtres.read.1.tlog
D:\osg\learn\osg_applets\cone\Debug\link.240-cvtres.write.1.tlog
D:\osg\learn\osg_applets\cone\Debug\link.command.1.tlog
D:\osg\learn\osg_applets\cone\Debug\link.read.1.tlog
D:\osg\learn\osg_applets\cone\Debug\link.write.1.tlog
D:\osg\learn\osg_applets\cone\Debug\link-cvtres.read.1.tlog
D:\osg\learn\osg_applets\cone\Debug\link-cvtres.write.1.tlog
D:\osg\learn\osg_applets\cone\Debug\mt.command.1.tlog
D:\osg\learn\osg_applets\cone\Debug\mt.read.1.tlog
D:\osg\learn\osg_applets\cone\Debug\mt.write.1.tlog
D:\osg\learn\osg_applets\cone\Debug\rc.command.1.tlog
D:\osg\learn\osg_applets\cone\Debug\rc.read.1.tlog
D:\osg\learn\osg_applets\cone\Debug\rc.write.1.tlog
D:\osg\learn\osg_applets\cone\Debug\vc100.idb
D:\OSG\LEARN\OSG_APPLETS\CONE\DEBUG\VC100.PDB
D:\OSG\LEARN\OSG_APPLETS\DEBUG\GEOMETRY.EXE
D:\OSG\LEARN\OSG_APPLETS\DEBUG\GEOMETRY.ILK
D:\OSG\LEARN\OSG_APPLETS\DEBUG\GEOMETRY.PDB
