D:\osg\learn\osg_applets\Clock\Debug\cl.command.1.tlog
D:\osg\learn\osg_applets\Clock\Debug\CL.read.1.tlog
D:\osg\learn\osg_applets\Clock\Debug\CL.write.1.tlog
D:\OSG\LEARN\OSG_APPLETS\CLOCK\DEBUG\CLOCK.EXE.EMBED.MANIFEST
D:\OSG\LEARN\OSG_APPLETS\CLOCK\DEBUG\CLOCK.EXE.EMBED.MANIFEST.RES
D:\OSG\LEARN\OSG_APPLETS\CLOCK\DEBUG\CLOCK.EXE.INTERMEDIATE.MANIFEST
D:\osg\learn\osg_applets\Clock\Debug\Clock_manifest.rc
D:\osg\learn\osg_applets\Clock\Debug\link.14780.read.1.tlog
D:\osg\learn\osg_applets\Clock\Debug\link.14780.write.1.tlog
D:\osg\learn\osg_applets\Clock\Debug\link.14780-cvtres.read.1.tlog
D:\osg\learn\osg_applets\Clock\Debug\link.14780-cvtres.write.1.tlog
D:\osg\learn\osg_applets\Clock\Debug\link.9172.read.1.tlog
D:\osg\learn\osg_applets\Clock\Debug\link.9172.write.1.tlog
D:\osg\learn\osg_applets\Clock\Debug\link.9172-cvtres.read.1.tlog
D:\osg\learn\osg_applets\Clock\Debug\link.9172-cvtres.write.1.tlog
D:\osg\learn\osg_applets\Clock\Debug\link.command.1.tlog
D:\osg\learn\osg_applets\Clock\Debug\link.read.1.tlog
D:\osg\learn\osg_applets\Clock\Debug\link.write.1.tlog
D:\osg\learn\osg_applets\Clock\Debug\link-cvtres.read.1.tlog
D:\osg\learn\osg_applets\Clock\Debug\link-cvtres.write.1.tlog
D:\OSG\LEARN\OSG_APPLETS\CLOCK\DEBUG\MAIN.OBJ
D:\osg\learn\osg_applets\Clock\Debug\mt.command.1.tlog
D:\osg\learn\osg_applets\Clock\Debug\mt.read.1.tlog
D:\osg\learn\osg_applets\Clock\Debug\mt.write.1.tlog
D:\osg\learn\osg_applets\Clock\Debug\rc.command.1.tlog
D:\osg\learn\osg_applets\Clock\Debug\rc.read.1.tlog
D:\osg\learn\osg_applets\Clock\Debug\rc.write.1.tlog
D:\osg\learn\osg_applets\Clock\Debug\vc100.idb
D:\OSG\LEARN\OSG_APPLETS\CLOCK\DEBUG\VC100.PDB
D:\OSG\LEARN\OSG_APPLETS\DEBUG\CLOCK.EXE
D:\OSG\LEARN\OSG_APPLETS\DEBUG\CLOCK.ILK
D:\OSG\LEARN\OSG_APPLETS\DEBUG\CLOCK.PDB
